# JRE version: Java(TM) SE Runtime Environment (8.0_151-b12) (build 1.8.0_151-b12)
# Java VM: Java HotSpot(TM) 64-Bit Server VM (25.151-b12 mixed mode windows-amd64 compressed oops)
Heap:
 PSYoungGen      total 70656K, used 29956K [0x00000000eb600000, 0x00000000f0500000, 0x0000000100000000)
  eden space 61952K, 43% used [0x00000000eb600000,0x00000000ed07b730,0x00000000ef280000)
  from space 8704K, 32% used [0x00000000ef280000,0x00000000ef545c80,0x00000000efb00000)
  to   space 7168K, 0% used [0x00000000efb00000,0x00000000efb00000,0x00000000f0200000)
 ParOldGen       total 55296K, used 24043K [0x00000000c2200000, 0x00000000c5800000, 0x00000000eb600000)
  object space 55296K, 43% used [0x00000000c2200000,0x00000000c397ad98,0x00000000c5800000)
 Metaspace       used 26870K, capacity 27666K, committed 27904K, reserved 1073152K
  class space    used 3117K, capacity 3274K, committed 3328K, reserved 1048576K
GC Heap History (10 events):
Event: 8.051 GC heap before
{Heap before GC invocations=8 (full 0):
 PSYoungGen      total 70656K, used 70624K [0x00000000eb600000, 0x00000000f0500000, 0x0000000100000000)
  eden space 61952K, 100% used [0x00000000eb600000,0x00000000ef280000,0x00000000ef280000)
  from space 8704K, 99% used [0x00000000ef280000,0x00000000efaf8020,0x00000000efb00000)
  to   space 7168K, 0% used [0x00000000efb00000,0x00000000efb00000,0x00000000f0200000)
 ParOldGen       total 42496K, used 15309K [0x00000000c2200000, 0x00000000c4b80000, 0x00000000eb600000)
  object space 42496K, 36% used [0x00000000c2200000,0x00000000c30f3550,0x00000000c4b80000)
 Metaspace       used 17047K, capacity 17366K, committed 17664K, reserved 1064960K
  class space    used 1959K, capacity 2048K, committed 2048K, reserved 1048576K
Event: 8.070 GC heap after
Heap after GC invocations=8 (full 0):
 PSYoungGen      total 69120K, used 7152K [0x00000000eb600000, 0x00000000f0500000, 0x0000000100000000)
  eden space 61952K, 0% used [0x00000000eb600000,0x00000000eb600000,0x00000000ef280000)
  from space 7168K, 99% used [0x00000000efb00000,0x00000000f01fc010,0x00000000f0200000)
  to   space 8704K, 0% used [0x00000000ef280000,0x00000000ef280000,0x00000000efb00000)
 ParOldGen       total 42496K, used 19954K [0x00000000c2200000, 0x00000000c4b80000, 0x00000000eb600000)
  object space 42496K, 46% used [0x00000000c2200000,0x00000000c357caf0,0x00000000c4b80000)
 Metaspace       used 17047K, capacity 17366K, committed 17664K, reserved 1064960K
  class space    used 1959K, capacity 2048K, committed 2048K, reserved 1048576K
}
Event: 9.335 GC heap before
{Heap before GC invocations=9 (full 0):
 PSYoungGen      total 69120K, used 55791K [0x00000000eb600000, 0x00000000f0500000, 0x0000000100000000)
  eden space 61952K, 78% used [0x00000000eb600000,0x00000000ee57fe00,0x00000000ef280000)
  from space 7168K, 99% used [0x00000000efb00000,0x00000000f01fc010,0x00000000f0200000)
  to   space 8704K, 0% used [0x00000000ef280000,0x00000000ef280000,0x00000000efb00000)
 ParOldGen       total 42496K, used 19954K [0x00000000c2200000, 0x00000000c4b80000, 0x00000000eb600000)
  object space 42496K, 46% used [0x00000000c2200000,0x00000000c357caf0,0x00000000c4b80000)
 Metaspace       used 20736K, capacity 21122K, committed 21248K, reserved 1069056K
  class space    used 2418K, capacity 2536K, committed 2560K, reserved 1048576K
Event: 9.349 GC heap after
Heap after GC invocations=9 (full 0):
 PSYoungGen      total 70656K, used 8073K [0x00000000eb600000, 0x00000000f0500000, 0x0000000100000000)
  eden space 61952K, 0% used [0x00000000eb600000,0x00000000eb600000,0x00000000ef280000)
  from space 8704K, 92% used [0x00000000ef280000,0x00000000efa62548,0x00000000efb00000)
  to   space 7168K, 0% used [0x00000000efb00000,0x00000000efb00000,0x00000000f0200000)
 ParOldGen       total 42496K, used 24668K [0x00000000c2200000, 0x00000000c4b80000, 0x00000000eb600000)
  object space 42496K, 58% used [0x00000000c2200000,0x00000000c3a17320,0x00000000c4b80000)
 Metaspace       used 20736K, capacity 21122K, committed 21248K, reserved 1069056K
  class space    used 2418K, capacity 2536K, committed 2560K, reserved 1048576K
}
Event: 9.349 GC heap before
{Heap before GC invocations=10 (full 1):
 PSYoungGen      total 70656K, used 8073K [0x00000000eb600000, 0x00000000f0500000, 0x0000000100000000)
  eden space 61952K, 0% used [0x00000000eb600000,0x00000000eb600000,0x00000000ef280000)
  from space 8704K, 92% used [0x00000000ef280000,0x00000000efa62548,0x00000000efb00000)
  to   space 7168K, 0% used [0x00000000efb00000,0x00000000efb00000,0x00000000f0200000)
 ParOldGen       total 42496K, used 24668K [0x00000000c2200000, 0x00000000c4b80000, 0x00000000eb600000)
  object space 42496K, 58% used [0x00000000c2200000,0x00000000c3a17320,0x00000000c4b80000)
 Metaspace       used 20736K, capacity 21122K, committed 21248K, reserved 1069056K
  class space    used 2418K, capacity 2536K, committed 2560K, reserved 1048576K
Event: 9.479 GC heap after
Heap after GC invocations=10 (full 1):
 PSYoungGen      total 70656K, used 0K [0x00000000eb600000, 0x00000000f0500000, 0x0000000100000000)
  eden space 61952K, 0% used [0x00000000eb600000,0x00000000eb600000,0x00000000ef280000)
  from space 8704K, 0% used [0x00000000ef280000,0x00000000ef280000,0x00000000efb00000)
  to   space 7168K, 0% used [0x00000000efb00000,0x00000000efb00000,0x00000000f0200000)
 ParOldGen       total 55296K, used 24027K [0x00000000c2200000, 0x00000000c5800000, 0x00000000eb600000)
  object space 55296K, 43% used [0x00000000c2200000,0x00000000c3976d98,0x00000000c5800000)
 Metaspace       used 20736K, capacity 21122K, committed 21248K, reserved 1069056K
  class space    used 2418K, capacity 2536K, committed 2560K, reserved 1048576K
}
Event: 10.459 GC heap before
{Heap before GC invocations=11 (full 1):
 PSYoungGen      total 70656K, used 61952K [0x00000000eb600000, 0x00000000f0500000, 0x0000000100000000)
  eden space 61952K, 100% used [0x00000000eb600000,0x00000000ef280000,0x00000000ef280000)
  from space 8704K, 0% used [0x00000000ef280000,0x00000000ef280000,0x00000000efb00000)
  to   space 7168K, 0% used [0x00000000efb00000,0x00000000efb00000,0x00000000f0200000)
 ParOldGen       total 55296K, used 24027K [0x00000000c2200000, 0x00000000c5800000, 0x00000000eb600000)
  object space 55296K, 43% used [0x00000000c2200000,0x00000000c3976d98,0x00000000c5800000)
 Metaspace       used 26045K, capacity 26622K, committed 26752K, reserved 1073152K
  class space    used 3032K, capacity 3154K, committed 3200K, reserved 1048576K
Event: 10.467 GC heap after
Heap after GC invocations=11 (full 1):
 PSYoungGen      total 69120K, used 6002K [0x00000000eb600000, 0x00000000f0500000, 0x0000000100000000)
  eden space 61952K, 0% used [0x00000000eb600000,0x00000000eb600000,0x00000000ef280000)
  from space 7168K, 83% used [0x00000000efb00000,0x00000000f00dc970,0x00000000f0200000)
  to   space 8704K, 0% used [0x00000000ef280000,0x00000000ef280000,0x00000000efb00000)
 ParOldGen       total 55296K, used 24035K [0x00000000c2200000, 0x00000000c5800000, 0x00000000eb600000)
  object space 55296K, 43% used [0x00000000c2200000,0x00000000c3978d98,0x00000000c5800000)
 Metaspace       used 26045K, capacity 26622K, committed 26752K, reserved 1073152K
  class space    used 3032K, capacity 3154K, committed 3200K, reserved 1048576K
}
Event: 11.383 GC heap before
{Heap before GC invocations=12 (full 1):
 PSYoungGen      total 69120K, used 67954K [0x00000000eb600000, 0x00000000f0500000, 0x0000000100000000)
  eden space 61952K, 100% used [0x00000000eb600000,0x00000000ef280000,0x00000000ef280000)
  from space 7168K, 83% used [0x00000000efb00000,0x00000000f00dc970,0x00000000f0200000)
  to   space 8704K, 0% used [0x00000000ef280000,0x00000000ef280000,0x00000000efb00000)
 ParOldGen       total 55296K, used 24035K [0x00000000c2200000, 0x00000000c5800000, 0x00000000eb600000)
  object space 55296K, 43% used [0x00000000c2200000,0x00000000c3978d98,0x00000000c5800000)
 Metaspace       used 26374K, capacity 27048K, committed 27264K, reserved 1073152K
  class space    used 3070K, capacity 3193K, committed 3200K, reserved 1048576K
Event: 11.388 GC heap after
Heap after GC invocations=12 (full 1):
 PSYoungGen      total 70656K, used 2839K [0x00000000eb600000, 0x00000000f0500000, 0x0000000100000000)
  eden space 61952K, 0% used [0x00000000eb600000,0x00000000eb600000,0x00000000ef280000)
  from space 8704K, 32% used [0x00000000ef280000,0x00000000ef545c80,0x00000000efb00000)
  to   space 7168K, 0% used [0x00000000efb00000,0x00000000efb00000,0x00000000f0200000)
 ParOldGen       total 55296K, used 24043K [0x00000000c2200000, 0x00000000c5800000, 0x00000000eb600000)
  object space 55296K, 43% used [0x00000000c2200000,0x00000000c397ad98,0x00000000c5800000)
 Metaspace       used 26374K, capacity 27048K, committed 27264K, reserved 1073152K
  class space    used 3070K, capacity 3193K, committed 3200K, reserved 1048576K
}

