# JRE version: Java(TM) SE Runtime Environment (8.0_151-b12) (build 1.8.0_151-b12)
# Java VM: Java HotSpot(TM) 64-Bit Server VM (25.151-b12 mixed mode windows-amd64 compressed oops)
Heap:
 PSYoungGen      total 120320K, used 1541K [0x00000000eb600000, 0x00000000f3600000, 0x0000000100000000)
  eden space 114688K, 0% used [0x00000000eb600000,0x00000000eb600000,0x00000000f2600000)
  from space 5632K, 27% used [0x00000000f2600000,0x00000000f2781798,0x00000000f2b80000)
  to   space 5632K, 0% used [0x00000000f2b80000,0x00000000f2b80000,0x00000000f3100000)
 ParOldGen       total 51200K, used 20575K [0x00000000c2200000, 0x00000000c5400000, 0x00000000eb600000)
  object space 51200K, 40% used [0x00000000c2200000,0x00000000c3617ca8,0x00000000c5400000)
 Metaspace       used 48414K, capacity 50268K, committed 50560K, reserved 1101824K
  class space    used 6638K, capacity 7006K, committed 7040K, reserved 1048576K
GC Heap History (10 events):
Event: 28.850 GC heap after
Heap after GC invocations=20 (full 2):
 PSYoungGen      total 120320K, used 4171K [0x00000000eb600000, 0x00000000f3600000, 0x0000000100000000)
  eden space 114688K, 0% used [0x00000000eb600000,0x00000000eb600000,0x00000000f2600000)
  from space 5632K, 74% used [0x00000000f2b80000,0x00000000f2f92dc0,0x00000000f3100000)
  to   space 5632K, 0% used [0x00000000f2600000,0x00000000f2600000,0x00000000f2b80000)
 ParOldGen       total 51200K, used 19935K [0x00000000c2200000, 0x00000000c5400000, 0x00000000eb600000)
  object space 51200K, 38% used [0x00000000c2200000,0x00000000c3577e70,0x00000000c5400000)
 Metaspace       used 42902K, capacity 44734K, committed 45056K, reserved 1087488K
  class space    used 5759K, capacity 6139K, committed 6144K, reserved 1048576K
}
Event: 30.050 GC heap before
{Heap before GC invocations=21 (full 2):
 PSYoungGen      total 120320K, used 118859K [0x00000000eb600000, 0x00000000f3600000, 0x0000000100000000)
  eden space 114688K, 100% used [0x00000000eb600000,0x00000000f2600000,0x00000000f2600000)
  from space 5632K, 74% used [0x00000000f2b80000,0x00000000f2f92dc0,0x00000000f3100000)
  to   space 5632K, 0% used [0x00000000f2600000,0x00000000f2600000,0x00000000f2b80000)
 ParOldGen       total 51200K, used 19935K [0x00000000c2200000, 0x00000000c5400000, 0x00000000eb600000)
  object space 51200K, 38% used [0x00000000c2200000,0x00000000c3577e70,0x00000000c5400000)
 Metaspace       used 46565K, capacity 48366K, committed 48768K, reserved 1091584K
  class space    used 6337K, capacity 6703K, committed 6784K, reserved 1048576K
Event: 30.057 GC heap after
Heap after GC invocations=21 (full 2):
 PSYoungGen      total 120320K, used 5029K [0x00000000eb600000, 0x00000000f3600000, 0x0000000100000000)
  eden space 114688K, 0% used [0x00000000eb600000,0x00000000eb600000,0x00000000f2600000)
  from space 5632K, 89% used [0x00000000f2600000,0x00000000f2ae94c8,0x00000000f2b80000)
  to   space 5632K, 0% used [0x00000000f2b80000,0x00000000f2b80000,0x00000000f3100000)
 ParOldGen       total 51200K, used 19943K [0x00000000c2200000, 0x00000000c5400000, 0x00000000eb600000)
  object space 51200K, 38% used [0x00000000c2200000,0x00000000c3579e70,0x00000000c5400000)
 Metaspace       used 46565K, capacity 48366K, committed 48768K, reserved 1091584K
  class space    used 6337K, capacity 6703K, committed 6784K, reserved 1048576K
}
Event: 30.285 GC heap before
{Heap before GC invocations=22 (full 2):
 PSYoungGen      total 120320K, used 33273K [0x00000000eb600000, 0x00000000f3600000, 0x0000000100000000)
  eden space 114688K, 24% used [0x00000000eb600000,0x00000000ed195278,0x00000000f2600000)
  from space 5632K, 89% used [0x00000000f2600000,0x00000000f2ae94c8,0x00000000f2b80000)
  to   space 5632K, 0% used [0x00000000f2b80000,0x00000000f2b80000,0x00000000f3100000)
 ParOldGen       total 51200K, used 19943K [0x00000000c2200000, 0x00000000c5400000, 0x00000000eb600000)
  object space 51200K, 38% used [0x00000000c2200000,0x00000000c3579e70,0x00000000c5400000)
 Metaspace       used 47278K, capacity 49104K, committed 49408K, reserved 1097728K
  class space    used 6466K, capacity 6810K, committed 6912K, reserved 1048576K
Event: 30.290 GC heap after
Heap after GC invocations=22 (full 2):
 PSYoungGen      total 120320K, used 2727K [0x00000000eb600000, 0x00000000f3600000, 0x0000000100000000)
  eden space 114688K, 0% used [0x00000000eb600000,0x00000000eb600000,0x00000000f2600000)
  from space 5632K, 48% used [0x00000000f2b80000,0x00000000f2e29f78,0x00000000f3100000)
  to   space 5632K, 0% used [0x00000000f2600000,0x00000000f2600000,0x00000000f2b80000)
 ParOldGen       total 51200K, used 19951K [0x00000000c2200000, 0x00000000c5400000, 0x00000000eb600000)
  object space 51200K, 38% used [0x00000000c2200000,0x00000000c357be70,0x00000000c5400000)
 Metaspace       used 47278K, capacity 49104K, committed 49408K, reserved 1097728K
  class space    used 6466K, capacity 6810K, committed 6912K, reserved 1048576K
}
Event: 30.290 GC heap before
{Heap before GC invocations=23 (full 3):
 PSYoungGen      total 120320K, used 2727K [0x00000000eb600000, 0x00000000f3600000, 0x0000000100000000)
  eden space 114688K, 0% used [0x00000000eb600000,0x00000000eb600000,0x00000000f2600000)
  from space 5632K, 48% used [0x00000000f2b80000,0x00000000f2e29f78,0x00000000f3100000)
  to   space 5632K, 0% used [0x00000000f2600000,0x00000000f2600000,0x00000000f2b80000)
 ParOldGen       total 51200K, used 19951K [0x00000000c2200000, 0x00000000c5400000, 0x00000000eb600000)
  object space 51200K, 38% used [0x00000000c2200000,0x00000000c357be70,0x00000000c5400000)
 Metaspace       used 47278K, capacity 49104K, committed 49408K, reserved 1097728K
  class space    used 6466K, capacity 6810K, committed 6912K, reserved 1048576K
Event: 30.572 GC heap after
Heap after GC invocations=23 (full 3):
 PSYoungGen      total 120320K, used 0K [0x00000000eb600000, 0x00000000f3600000, 0x0000000100000000)
  eden space 114688K, 0% used [0x00000000eb600000,0x00000000eb600000,0x00000000f2600000)
  from space 5632K, 0% used [0x00000000f2b80000,0x00000000f2b80000,0x00000000f3100000)
  to   space 5632K, 0% used [0x00000000f2600000,0x00000000f2600000,0x00000000f2b80000)
 ParOldGen       total 51200K, used 20575K [0x00000000c2200000, 0x00000000c5400000, 0x00000000eb600000)
  object space 51200K, 40% used [0x00000000c2200000,0x00000000c3617ca8,0x00000000c5400000)
 Metaspace       used 47278K, capacity 49104K, committed 49408K, reserved 1095680K
  class space    used 6466K, capacity 6810K, committed 6912K, reserved 1048576K
}
Event: 30.916 GC heap before
{Heap before GC invocations=24 (full 3):
 PSYoungGen      total 120320K, used 41277K [0x00000000eb600000, 0x00000000f3600000, 0x0000000100000000)
  eden space 114688K, 35% used [0x00000000eb600000,0x00000000ede4f7c8,0x00000000f2600000)
  from space 5632K, 0% used [0x00000000f2b80000,0x00000000f2b80000,0x00000000f3100000)
  to   space 5632K, 0% used [0x00000000f2600000,0x00000000f2600000,0x00000000f2b80000)
 ParOldGen       total 51200K, used 20575K [0x00000000c2200000, 0x00000000c5400000, 0x00000000eb600000)
  object space 51200K, 40% used [0x00000000c2200000,0x00000000c3617ca8,0x00000000c5400000)
 Metaspace       used 48414K, capacity 50268K, committed 50560K, reserved 1101824K
  class space    used 6638K, capacity 7006K, committed 7040K, reserved 1048576K
Event: 30.919 GC heap after
Heap after GC invocations=24 (full 3):
 PSYoungGen      total 120320K, used 1541K [0x00000000eb600000, 0x00000000f3600000, 0x0000000100000000)
  eden space 114688K, 0% used [0x00000000eb600000,0x00000000eb600000,0x00000000f2600000)
  from space 5632K, 27% used [0x00000000f2600000,0x00000000f2781798,0x00000000f2b80000)
  to   space 5632K, 0% used [0x00000000f2b80000,0x00000000f2b80000,0x00000000f3100000)
 ParOldGen       total 51200K, used 20575K [0x00000000c2200000, 0x00000000c5400000, 0x00000000eb600000)
  object space 51200K, 40% used [0x00000000c2200000,0x00000000c3617ca8,0x00000000c5400000)
 Metaspace       used 48414K, capacity 50268K, committed 50560K, reserved 1101824K
  class space    used 6638K, capacity 7006K, committed 7040K, reserved 1048576K
}
Event: 30.919 GC heap before
{Heap before GC invocations=25 (full 4):
 PSYoungGen      total 120320K, used 1541K [0x00000000eb600000, 0x00000000f3600000, 0x0000000100000000)
  eden space 114688K, 0% used [0x00000000eb600000,0x00000000eb600000,0x00000000f2600000)
  from space 5632K, 27% used [0x00000000f2600000,0x00000000f2781798,0x00000000f2b80000)
  to   space 5632K, 0% used [0x00000000f2b80000,0x00000000f2b80000,0x00000000f3100000)
 ParOldGen       total 51200K, used 20575K [0x00000000c2200000, 0x00000000c5400000, 0x00000000eb600000)
  object space 51200K, 40% used [0x00000000c2200000,0x00000000c3617ca8,0x00000000c5400000)
 Metaspace       used 48414K, capacity 50268K, committed 50560K, reserved 1101824K
  class space    used 6638K, capacity 7006K, committed 7040K, reserved 1048576K

